  9-5.c
C:\Users\hanso\source\repos\studyC\9-5\9-5.c(12,9): warning C4477: 'printf' : 서식 문자열 '%d'에 'int' 형식의 인수가 필요하지만 variadic 인수 1의 형식이 'size_t'입니다.
      C:\Users\hanso\source\repos\studyC\9-5\9-5.c(12,9):
      서식 문자열에서 '%zd'을(를) 사용하는 것이 좋습니다.
  
C:\Users\hanso\source\repos\studyC\9-5\9-5.c(13,9): warning C4477: 'printf' : 서식 문자열 '%d'에 'int' 형식의 인수가 필요하지만 variadic 인수 1의 형식이 'size_t'입니다.
      C:\Users\hanso\source\repos\studyC\9-5\9-5.c(13,9):
      서식 문자열에서 '%zd'을(를) 사용하는 것이 좋습니다.
  
C:\Users\hanso\source\repos\studyC\9-5\9-5.c(14,9): warning C4477: 'printf' : 서식 문자열 '%d'에 'int' 형식의 인수가 필요하지만 variadic 인수 1의 형식이 'size_t'입니다.
      C:\Users\hanso\source\repos\studyC\9-5\9-5.c(14,9):
      서식 문자열에서 '%zd'을(를) 사용하는 것이 좋습니다.
  
C:\Users\hanso\source\repos\studyC\9-5\9-5.c(16,9): warning C4477: 'printf' : 서식 문자열 '%d'에 'int' 형식의 인수가 필요하지만 variadic 인수 1의 형식이 'size_t'입니다.
      C:\Users\hanso\source\repos\studyC\9-5\9-5.c(16,9):
      서식 문자열에서 '%zd'을(를) 사용하는 것이 좋습니다.
  
C:\Users\hanso\source\repos\studyC\9-5\9-5.c(17,9): warning C4477: 'printf' : 서식 문자열 '%d'에 'int' 형식의 인수가 필요하지만 variadic 인수 1의 형식이 'size_t'입니다.
      C:\Users\hanso\source\repos\studyC\9-5\9-5.c(17,9):
      서식 문자열에서 '%zd'을(를) 사용하는 것이 좋습니다.
  
C:\Users\hanso\source\repos\studyC\9-5\9-5.c(18,9): warning C4477: 'printf' : 서식 문자열 '%d'에 'int' 형식의 인수가 필요하지만 variadic 인수 1의 형식이 'size_t'입니다.
      C:\Users\hanso\source\repos\studyC\9-5\9-5.c(18,9):
      서식 문자열에서 '%zd'을(를) 사용하는 것이 좋습니다.
  
C:\Users\hanso\source\repos\studyC\9-5\9-5.c(20,9): warning C4477: 'printf' : 서식 문자열 '%d'에 'int' 형식의 인수가 필요하지만 variadic 인수 1의 형식이 'size_t'입니다.
      C:\Users\hanso\source\repos\studyC\9-5\9-5.c(20,9):
      서식 문자열에서 '%zd'을(를) 사용하는 것이 좋습니다.
  
C:\Users\hanso\source\repos\studyC\9-5\9-5.c(21,9): warning C4477: 'printf' : 서식 문자열 '%d'에 'int' 형식의 인수가 필요하지만 variadic 인수 1의 형식이 'size_t'입니다.
      C:\Users\hanso\source\repos\studyC\9-5\9-5.c(21,9):
      서식 문자열에서 '%zd'을(를) 사용하는 것이 좋습니다.
  
C:\Users\hanso\source\repos\studyC\9-5\9-5.c(22,9): warning C4477: 'printf' : 서식 문자열 '%d'에 'int' 형식의 인수가 필요하지만 variadic 인수 1의 형식이 'size_t'입니다.
      C:\Users\hanso\source\repos\studyC\9-5\9-5.c(22,9):
      서식 문자열에서 '%zd'을(를) 사용하는 것이 좋습니다.
  
  9-5.vcxproj -> C:\Users\hanso\source\repos\studyC\9-5\x64\Debug\9-5.exe
